Analysis & Elaboration report for Single_Cycle_V2
Sun May 25 17:40:57 2025
Quartus Prime Version 23.1std.1 Build 993 05/14/2024 SC Lite Edition


---------------------
; Table of Contents ;
---------------------
  1. Legal Notice
  2. Analysis & Elaboration Summary
  3. Parallel Compilation
  4. Parameter Settings for User Entity Instance: riscvsingle:rvsingle|datapath:dp|flopr:pcreg
  5. Parameter Settings for User Entity Instance: riscvsingle:rvsingle|datapath:dp|mux2:pcmux
  6. Parameter Settings for User Entity Instance: riscvsingle:rvsingle|datapath:dp|mux2:srcbmux
  7. Parameter Settings for User Entity Instance: riscvsingle:rvsingle|datapath:dp|mux3:resultmux
  8. Analysis & Elaboration Settings
  9. Port Connectivity Checks: "riscvsingle:rvsingle|datapath:dp|adder:pcadd4"
 10. Port Connectivity Checks: "riscvsingle:rvsingle|controller:c"
 11. Analysis & Elaboration Messages
 12. Analysis & Elaboration Suppressed Messages



----------------
; Legal Notice ;
----------------
Copyright (C) 2024  Intel Corporation. All rights reserved.
Your use of Intel Corporation's design tools, logic functions 
and other software and tools, and any partner logic 
functions, and any output files from any of the foregoing 
(including device programming or simulation files), and any 
associated documentation or information are expressly subject 
to the terms and conditions of the Intel Program License 
Subscription Agreement, the Intel Quartus Prime License Agreement,
the Intel FPGA IP License Agreement, or other applicable license
agreement, including, without limitation, that your use is for
the sole purpose of programming logic devices manufactured by
Intel and sold by Intel or its authorized distributors.  Please
refer to the applicable agreement for further details, at
https://fpgasoftware.intel.com/eula.



+-------------------------------------------------------------------------------------+
; Analysis & Elaboration Summary                                                      ;
+------------------------------------+------------------------------------------------+
; Analysis & Elaboration Status      ; Successful - Sun May 25 17:40:57 2025          ;
; Quartus Prime Version              ; 23.1std.1 Build 993 05/14/2024 SC Lite Edition ;
; Revision Name                      ; Single_Cycle_V2                                ;
; Top-level Entity Name              ; top                                            ;
; Family                             ; MAX 10                                         ;
; Total logic elements               ; N/A until Partition Merge                      ;
;     Total combinational functions  ; N/A until Partition Merge                      ;
;     Dedicated logic registers      ; N/A until Partition Merge                      ;
; Total registers                    ; N/A until Partition Merge                      ;
; Total pins                         ; N/A until Partition Merge                      ;
; Total virtual pins                 ; N/A until Partition Merge                      ;
; Total memory bits                  ; N/A until Partition Merge                      ;
; Embedded Multiplier 9-bit elements ; N/A until Partition Merge                      ;
; Total PLLs                         ; N/A until Partition Merge                      ;
; UFM blocks                         ; N/A until Partition Merge                      ;
; ADC blocks                         ; N/A until Partition Merge                      ;
+------------------------------------+------------------------------------------------+


+------------------------------------------+
; Parallel Compilation                     ;
+----------------------------+-------------+
; Processors                 ; Number      ;
+----------------------------+-------------+
; Number detected on machine ; 16          ;
; Maximum allowed            ; 8           ;
;                            ;             ;
; Average used               ; 1.00        ;
; Maximum used               ; 1           ;
;                            ;             ;
; Usage by Processor         ; % Time Used ;
;     Processor 1            ; 100.0%      ;
+----------------------------+-------------+


+-------------------------------------------------------------------------------------------+
; Parameter Settings for User Entity Instance: riscvsingle:rvsingle|datapath:dp|flopr:pcreg ;
+----------------+-------+------------------------------------------------------------------+
; Parameter Name ; Value ; Type                                                             ;
+----------------+-------+------------------------------------------------------------------+
; WIDTH          ; 32    ; Signed Integer                                                   ;
+----------------+-------+------------------------------------------------------------------+
Note: In order to hide this table in the UI and the text report file, please set the "Show Parameter Settings in Synthesis Report" option in "Analysis and Synthesis Settings -> More Settings" to "Off".


+------------------------------------------------------------------------------------------+
; Parameter Settings for User Entity Instance: riscvsingle:rvsingle|datapath:dp|mux2:pcmux ;
+----------------+-------+-----------------------------------------------------------------+
; Parameter Name ; Value ; Type                                                            ;
+----------------+-------+-----------------------------------------------------------------+
; WIDTH          ; 32    ; Signed Integer                                                  ;
+----------------+-------+-----------------------------------------------------------------+
Note: In order to hide this table in the UI and the text report file, please set the "Show Parameter Settings in Synthesis Report" option in "Analysis and Synthesis Settings -> More Settings" to "Off".


+--------------------------------------------------------------------------------------------+
; Parameter Settings for User Entity Instance: riscvsingle:rvsingle|datapath:dp|mux2:srcbmux ;
+----------------+-------+-------------------------------------------------------------------+
; Parameter Name ; Value ; Type                                                              ;
+----------------+-------+-------------------------------------------------------------------+
; WIDTH          ; 32    ; Signed Integer                                                    ;
+----------------+-------+-------------------------------------------------------------------+
Note: In order to hide this table in the UI and the text report file, please set the "Show Parameter Settings in Synthesis Report" option in "Analysis and Synthesis Settings -> More Settings" to "Off".


+----------------------------------------------------------------------------------------------+
; Parameter Settings for User Entity Instance: riscvsingle:rvsingle|datapath:dp|mux3:resultmux ;
+----------------+-------+---------------------------------------------------------------------+
; Parameter Name ; Value ; Type                                                                ;
+----------------+-------+---------------------------------------------------------------------+
; WIDTH          ; 32    ; Signed Integer                                                      ;
+----------------+-------+---------------------------------------------------------------------+
Note: In order to hide this table in the UI and the text report file, please set the "Show Parameter Settings in Synthesis Report" option in "Analysis and Synthesis Settings -> More Settings" to "Off".


+------------------------------------------------------------------------------------------------------------+
; Analysis & Elaboration Settings                                                                            ;
+------------------------------------------------------------------+--------------------+--------------------+
; Option                                                           ; Setting            ; Default Value      ;
+------------------------------------------------------------------+--------------------+--------------------+
; Device                                                           ; 10M08DAF484C8G     ;                    ;
; Top-level entity name                                            ; top                ; Single_Cycle_V2    ;
; Family name                                                      ; MAX 10             ; Cyclone V          ;
; Use smart compilation                                            ; Off                ; Off                ;
; Enable parallel Assembler and Timing Analyzer during compilation ; On                 ; On                 ;
; Enable compact report table                                      ; Off                ; Off                ;
; Restructure Multiplexers                                         ; Auto               ; Auto               ;
; Create Debugging Nodes for IP Cores                              ; Off                ; Off                ;
; Preserve fewer node names                                        ; On                 ; On                 ;
; Intel FPGA IP Evaluation Mode                                    ; Enable             ; Enable             ;
; Verilog Version                                                  ; Verilog_2001       ; Verilog_2001       ;
; VHDL Version                                                     ; VHDL_1993          ; VHDL_1993          ;
; State Machine Processing                                         ; Auto               ; Auto               ;
; Safe State Machine                                               ; Off                ; Off                ;
; Extract Verilog State Machines                                   ; On                 ; On                 ;
; Extract VHDL State Machines                                      ; On                 ; On                 ;
; Ignore Verilog initial constructs                                ; Off                ; Off                ;
; Iteration limit for constant Verilog loops                       ; 5000               ; 5000               ;
; Iteration limit for non-constant Verilog loops                   ; 250                ; 250                ;
; Add Pass-Through Logic to Inferred RAMs                          ; On                 ; On                 ;
; Infer RAMs from Raw Logic                                        ; On                 ; On                 ;
; Parallel Synthesis                                               ; On                 ; On                 ;
; DSP Block Balancing                                              ; Auto               ; Auto               ;
; NOT Gate Push-Back                                               ; On                 ; On                 ;
; Power-Up Don't Care                                              ; On                 ; On                 ;
; Remove Redundant Logic Cells                                     ; Off                ; Off                ;
; Remove Duplicate Registers                                       ; On                 ; On                 ;
; Ignore CARRY Buffers                                             ; Off                ; Off                ;
; Ignore CASCADE Buffers                                           ; Off                ; Off                ;
; Ignore GLOBAL Buffers                                            ; Off                ; Off                ;
; Ignore ROW GLOBAL Buffers                                        ; Off                ; Off                ;
; Ignore LCELL Buffers                                             ; Off                ; Off                ;
; Ignore SOFT Buffers                                              ; On                 ; On                 ;
; Limit AHDL Integers to 32 Bits                                   ; Off                ; Off                ;
; Optimization Technique                                           ; Balanced           ; Balanced           ;
; Carry Chain Length                                               ; 70                 ; 70                 ;
; Auto Carry Chains                                                ; On                 ; On                 ;
; Auto Open-Drain Pins                                             ; On                 ; On                 ;
; Perform WYSIWYG Primitive Resynthesis                            ; Off                ; Off                ;
; Auto ROM Replacement                                             ; On                 ; On                 ;
; Auto RAM Replacement                                             ; On                 ; On                 ;
; Auto DSP Block Replacement                                       ; On                 ; On                 ;
; Auto Shift Register Replacement                                  ; Auto               ; Auto               ;
; Allow Shift Register Merging across Hierarchies                  ; Auto               ; Auto               ;
; Auto Clock Enable Replacement                                    ; On                 ; On                 ;
; Strict RAM Replacement                                           ; Off                ; Off                ;
; Allow Synchronous Control Signals                                ; On                 ; On                 ;
; Force Use of Synchronous Clear Signals                           ; Off                ; Off                ;
; Auto RAM Block Balancing                                         ; On                 ; On                 ;
; Auto RAM to Logic Cell Conversion                                ; Off                ; Off                ;
; Auto Resource Sharing                                            ; Off                ; Off                ;
; Allow Any RAM Size For Recognition                               ; Off                ; Off                ;
; Allow Any ROM Size For Recognition                               ; Off                ; Off                ;
; Allow Any Shift Register Size For Recognition                    ; Off                ; Off                ;
; Use LogicLock Constraints during Resource Balancing              ; On                 ; On                 ;
; Ignore translate_off and synthesis_off directives                ; Off                ; Off                ;
; Timing-Driven Synthesis                                          ; On                 ; On                 ;
; Report Parameter Settings                                        ; On                 ; On                 ;
; Report Source Assignments                                        ; On                 ; On                 ;
; Report Connectivity Checks                                       ; On                 ; On                 ;
; Ignore Maximum Fan-Out Assignments                               ; Off                ; Off                ;
; Synchronization Register Chain Length                            ; 2                  ; 2                  ;
; Power Optimization During Synthesis                              ; Normal compilation ; Normal compilation ;
; HDL message level                                                ; Level2             ; Level2             ;
; Suppress Register Optimization Related Messages                  ; Off                ; Off                ;
; Number of Removed Registers Reported in Synthesis Report         ; 5000               ; 5000               ;
; Number of Swept Nodes Reported in Synthesis Report               ; 5000               ; 5000               ;
; Number of Inverted Registers Reported in Synthesis Report        ; 100                ; 100                ;
; Clock MUX Protection                                             ; On                 ; On                 ;
; Auto Gated Clock Conversion                                      ; Off                ; Off                ;
; Block Design Naming                                              ; Auto               ; Auto               ;
; SDC constraint protection                                        ; Off                ; Off                ;
; Synthesis Effort                                                 ; Auto               ; Auto               ;
; Shift Register Replacement - Allow Asynchronous Clear Signal     ; On                 ; On                 ;
; Pre-Mapping Resynthesis Optimization                             ; Off                ; Off                ;
; Analysis & Synthesis Message Level                               ; Medium             ; Medium             ;
; Disable Register Merging Across Hierarchies                      ; Auto               ; Auto               ;
; Resource Aware Inference For Block RAM                           ; On                 ; On                 ;
+------------------------------------------------------------------+--------------------+--------------------+


+---------------------------------------------------------------------------+
; Port Connectivity Checks: "riscvsingle:rvsingle|datapath:dp|adder:pcadd4" ;
+----------+-------+----------+---------------------------------------------+
; Port     ; Type  ; Severity ; Details                                     ;
+----------+-------+----------+---------------------------------------------+
; b[31..3] ; Input ; Info     ; Stuck at GND                                ;
; b[1..0]  ; Input ; Info     ; Stuck at GND                                ;
; b[2]     ; Input ; Info     ; Stuck at VCC                                ;
+----------+-------+----------+---------------------------------------------+


+----------------------------------------------------------------------------------------------------------------+
; Port Connectivity Checks: "riscvsingle:rvsingle|controller:c"                                                  ;
+------+--------+----------+-------------------------------------------------------------------------------------+
; Port ; Type   ; Severity ; Details                                                                             ;
+------+--------+----------+-------------------------------------------------------------------------------------+
; Jump ; Output ; Info     ; Connected to dangling logic. Logic that only feeds a dangling port will be removed. ;
+------+--------+----------+-------------------------------------------------------------------------------------+


+---------------------------------+
; Analysis & Elaboration Messages ;
+---------------------------------+
Info: *******************************************************************
Info: Running Quartus Prime Analysis & Elaboration
    Info: Version 23.1std.1 Build 993 05/14/2024 SC Lite Edition
    Info: Processing started: Sun May 25 17:40:51 2025
Info: Command: quartus_map --read_settings_files=on --write_settings_files=off Single_Cycle_V2 -c Single_Cycle_V2 --analysis_and_elaboration
Warning (18236): Number of processors has not been specified which may cause overloading on shared machines.  Set the global assignment NUM_PARALLEL_PROCESSORS in your QSF to an appropriate value for best performance.
Info (20030): Parallel compilation is enabled and will use 8 of the 8 processors detected
Info (12021): Found 1 design units, including 1 entities, in source file extend.v
    Info (12023): Found entity 1: extend File: C:/Users/joser/Desktop/escuela/diseno de chip/quartus/Single_Cycle_V2.0/extend.v Line: 1
Info (12021): Found 1 design units, including 1 entities, in source file top.v
    Info (12023): Found entity 1: top File: C:/Users/joser/Desktop/escuela/diseno de chip/quartus/Single_Cycle_V2.0/top.v Line: 1
Info (12021): Found 1 design units, including 1 entities, in source file imem.v
    Info (12023): Found entity 1: imem File: C:/Users/joser/Desktop/escuela/diseno de chip/quartus/Single_Cycle_V2.0/imem.v Line: 1
Info (12021): Found 1 design units, including 1 entities, in source file dmem.v
    Info (12023): Found entity 1: dmem File: C:/Users/joser/Desktop/escuela/diseno de chip/quartus/Single_Cycle_V2.0/dmem.v Line: 1
Info (12021): Found 1 design units, including 1 entities, in source file riskvsingle.v
    Info (12023): Found entity 1: riscvsingle File: C:/Users/joser/Desktop/escuela/diseno de chip/quartus/Single_Cycle_V2.0/riskvsingle.v Line: 1
Info (12021): Found 1 design units, including 1 entities, in source file mux3.v
    Info (12023): Found entity 1: mux3 File: C:/Users/joser/Desktop/escuela/diseno de chip/quartus/Single_Cycle_V2.0/mux3.v Line: 1
Info (12021): Found 1 design units, including 1 entities, in source file mux2.v
    Info (12023): Found entity 1: mux2 File: C:/Users/joser/Desktop/escuela/diseno de chip/quartus/Single_Cycle_V2.0/mux2.v Line: 1
Info (12021): Found 1 design units, including 1 entities, in source file flopr.v
    Info (12023): Found entity 1: flopr File: C:/Users/joser/Desktop/escuela/diseno de chip/quartus/Single_Cycle_V2.0/flopr.v Line: 1
Info (12021): Found 1 design units, including 1 entities, in source file datapath.v
    Info (12023): Found entity 1: datapath File: C:/Users/joser/Desktop/escuela/diseno de chip/quartus/Single_Cycle_V2.0/datapath.v Line: 1
Info (12021): Found 1 design units, including 1 entities, in source file controller.v
    Info (12023): Found entity 1: controller File: C:/Users/joser/Desktop/escuela/diseno de chip/quartus/Single_Cycle_V2.0/controller.v Line: 1
Info (12021): Found 1 design units, including 1 entities, in source file aludec.v
    Info (12023): Found entity 1: aludec File: C:/Users/joser/Desktop/escuela/diseno de chip/quartus/Single_Cycle_V2.0/aludec.v Line: 1
Info (12021): Found 1 design units, including 1 entities, in source file adder.v
    Info (12023): Found entity 1: adder File: C:/Users/joser/Desktop/escuela/diseno de chip/quartus/Single_Cycle_V2.0/adder.v Line: 1
Info (12021): Found 1 design units, including 1 entities, in source file maindec.v
    Info (12023): Found entity 1: maindec File: C:/Users/joser/Desktop/escuela/diseno de chip/quartus/Single_Cycle_V2.0/maindec.v Line: 1
Info (12021): Found 1 design units, including 1 entities, in source file regfile.v
    Info (12023): Found entity 1: regfile File: C:/Users/joser/Desktop/escuela/diseno de chip/quartus/Single_Cycle_V2.0/regfile.v Line: 1
Info (12021): Found 1 design units, including 1 entities, in source file alu.v
    Info (12023): Found entity 1: alu File: C:/Users/joser/Desktop/escuela/diseno de chip/quartus/Single_Cycle_V2.0/alu.v Line: 1
Info (12021): Found 1 design units, including 1 entities, in source file testbench.v
    Info (12023): Found entity 1: testbench File: C:/Users/joser/Desktop/escuela/diseno de chip/quartus/Single_Cycle_V2.0/testbench.v Line: 1
Info (12127): Elaborating entity "top" for the top level hierarchy
Info (12128): Elaborating entity "riscvsingle" for hierarchy "riscvsingle:rvsingle" File: C:/Users/joser/Desktop/escuela/diseno de chip/quartus/Single_Cycle_V2.0/top.v Line: 23
Info (12128): Elaborating entity "controller" for hierarchy "riscvsingle:rvsingle|controller:c" File: C:/Users/joser/Desktop/escuela/diseno de chip/quartus/Single_Cycle_V2.0/riskvsingle.v Line: 30
Info (12128): Elaborating entity "maindec" for hierarchy "riscvsingle:rvsingle|controller:c|maindec:md" File: C:/Users/joser/Desktop/escuela/diseno de chip/quartus/Single_Cycle_V2.0/controller.v Line: 29
Info (12128): Elaborating entity "aludec" for hierarchy "riscvsingle:rvsingle|controller:c|aludec:ad" File: C:/Users/joser/Desktop/escuela/diseno de chip/quartus/Single_Cycle_V2.0/controller.v Line: 37
Info (12128): Elaborating entity "datapath" for hierarchy "riscvsingle:rvsingle|datapath:dp" File: C:/Users/joser/Desktop/escuela/diseno de chip/quartus/Single_Cycle_V2.0/riskvsingle.v Line: 47
Info (12128): Elaborating entity "flopr" for hierarchy "riscvsingle:rvsingle|datapath:dp|flopr:pcreg" File: C:/Users/joser/Desktop/escuela/diseno de chip/quartus/Single_Cycle_V2.0/datapath.v Line: 29
Info (12128): Elaborating entity "adder" for hierarchy "riscvsingle:rvsingle|datapath:dp|adder:pcadd4" File: C:/Users/joser/Desktop/escuela/diseno de chip/quartus/Single_Cycle_V2.0/datapath.v Line: 35
Info (12128): Elaborating entity "mux2" for hierarchy "riscvsingle:rvsingle|datapath:dp|mux2:pcmux" File: C:/Users/joser/Desktop/escuela/diseno de chip/quartus/Single_Cycle_V2.0/datapath.v Line: 48
Info (12128): Elaborating entity "regfile" for hierarchy "riscvsingle:rvsingle|datapath:dp|regfile:rf" File: C:/Users/joser/Desktop/escuela/diseno de chip/quartus/Single_Cycle_V2.0/datapath.v Line: 60
Info (12128): Elaborating entity "extend" for hierarchy "riscvsingle:rvsingle|datapath:dp|extend:ext" File: C:/Users/joser/Desktop/escuela/diseno de chip/quartus/Single_Cycle_V2.0/datapath.v Line: 66
Info (12128): Elaborating entity "alu" for hierarchy "riscvsingle:rvsingle|datapath:dp|alu:alu" File: C:/Users/joser/Desktop/escuela/diseno de chip/quartus/Single_Cycle_V2.0/datapath.v Line: 82
Info (12128): Elaborating entity "mux3" for hierarchy "riscvsingle:rvsingle|datapath:dp|mux3:resultmux" File: C:/Users/joser/Desktop/escuela/diseno de chip/quartus/Single_Cycle_V2.0/datapath.v Line: 90
Info (12128): Elaborating entity "imem" for hierarchy "imem:imem_inst" File: C:/Users/joser/Desktop/escuela/diseno de chip/quartus/Single_Cycle_V2.0/top.v Line: 28
Warning (10850): Verilog HDL warning at imem.v(9): number of words (21) in memory file does not match the number of elements in the address range [0:63] File: C:/Users/joser/Desktop/escuela/diseno de chip/quartus/Single_Cycle_V2.0/imem.v Line: 9
Warning (10030): Net "RAM.data_a" at imem.v(6) has no driver or initial value, using a default initial value '0' File: C:/Users/joser/Desktop/escuela/diseno de chip/quartus/Single_Cycle_V2.0/imem.v Line: 6
Warning (10030): Net "RAM.waddr_a" at imem.v(6) has no driver or initial value, using a default initial value '0' File: C:/Users/joser/Desktop/escuela/diseno de chip/quartus/Single_Cycle_V2.0/imem.v Line: 6
Warning (10030): Net "RAM.we_a" at imem.v(6) has no driver or initial value, using a default initial value '0' File: C:/Users/joser/Desktop/escuela/diseno de chip/quartus/Single_Cycle_V2.0/imem.v Line: 6
Info (12128): Elaborating entity "dmem" for hierarchy "dmem:dmem_inst" File: C:/Users/joser/Desktop/escuela/diseno de chip/quartus/Single_Cycle_V2.0/top.v Line: 36
Info (144001): Generated suppressed messages file C:/Users/joser/Desktop/escuela/diseno de chip/quartus/Single_Cycle_V2.0/output_files/Single_Cycle_V2.map.smsg
Info: Quartus Prime Analysis & Elaboration was successful. 0 errors, 5 warnings
    Info: Peak virtual memory: 4733 megabytes
    Info: Processing ended: Sun May 25 17:40:57 2025
    Info: Elapsed time: 00:00:06
    Info: Total CPU time (on all processors): 00:00:19


+--------------------------------------------+
; Analysis & Elaboration Suppressed Messages ;
+--------------------------------------------+
The suppressed messages can be found in C:/Users/joser/Desktop/escuela/diseno de chip/quartus/Single_Cycle_V2.0/output_files/Single_Cycle_V2.map.smsg.


